C51 COMPILER V9.01   ADC                                                                   01/07/2018 13:37:04 PAGE 1   


C51 COMPILER V9.01, COMPILATION OF MODULE ADC
OBJECT MODULE PLACED IN .\out\ADC.obj
COMPILER INVOKED BY: C:\Keil\C51\BIN\C51.EXE src\ADC.C BROWSE INCDIR(.\inc;.\src) DEBUG OBJECTEXTEND PRINT(.\listing\ADC
                    -.lst) OBJECT(.\out\ADC.obj)

line level    source

   1          #include "ADC.h"
   2          #include "reg52.h"
   3          BYTE ch = 0;  
   4          
   5          /*----------------------------
   6          ADC interrupt service routine
   7          ----------------------------*/
   8          void adc_isr() interrupt 5 using 1
   9          {
  10   1          ADC_CONTR &= !ADC_FLAG;         //Clear ADC interrupt flag
  11   1      
  12   1      
  13   1      
  14   1      
  15   1          
  16   1          if (++ch > 7) ch = 0;           //switch to next channel
  17   1          ADC_CONTR = ADC_POWER | ADC_SPEEDLL | ADC_START | ch;
  18   1      }
  19          int dat()
  20          {
  21   1              return ADC_RES;
  22   1      }
  23          /*----------------------------
  24          Initial ADC sfr
  25          ----------------------------*/
  26          void InitADC()
  27          {
  28   1          P1ASF = 0xff;                   //Set all P1 as analog input port
  29   1          ADC_RES = 0;                    //Clear previous result
  30   1          ADC_CONTR = ADC_POWER | ADC_SPEEDLL | ADC_START | ch;
  31   1          Delay(2);                       //ADC power-on delay and Start A/D conversion
  32   1      }
  33          
  34          
  35          
  36          
  37          /*----------------------------
  38          Software delay function
  39          ----------------------------*/
  40          void Delay(WORD n)
  41          {
  42   1          WORD x;
  43   1      
  44   1          while (n--)
  45   1          {
  46   2              x = 5000;
  47   2              while (x--);
  48   2          }
  49   1      }


MODULE INFORMATION:   STATIC OVERLAYABLE
   CODE SIZE        =     81    ----
   CONSTANT SIZE    =   ----    ----
C51 COMPILER V9.01   ADC                                                                   01/07/2018 13:37:04 PAGE 2   

   XDATA SIZE       =   ----    ----
   PDATA SIZE       =   ----    ----
   DATA SIZE        =      1    ----
   IDATA SIZE       =   ----    ----
   BIT SIZE         =   ----    ----
END OF MODULE INFORMATION.


C51 COMPILATION COMPLETE.  0 WARNING(S),  0 ERROR(S)
