C51 COMPILER V9.01   LED                                                                   01/07/2018 13:37:04 PAGE 1   


C51 COMPILER V9.01, COMPILATION OF MODULE LED
OBJECT MODULE PLACED IN .\out\led.obj
COMPILER INVOKED BY: C:\Keil\C51\BIN\C51.EXE src\led.c BROWSE INCDIR(.\inc;.\src) DEBUG OBJECTEXTEND PRINT(.\listing\led
                    -.lst) OBJECT(.\out\led.obj)

line level    source

   1          #include<led.h>
   2          #include<reg52.h>
   3          #include<stdio.h>
   4          #include<intrins.h>
   5          
   6          sbit RS = P2^5;//Pin4
   7          sbit RW = P2^6; //Pin5
   8          sbit E  = P2^7;//Pin6
   9          
  10          #define Data  P0    //数据端口
  11          
  12          unsigned char  TempData[8];
  13          unsigned char  ge,shiw,bai;
  14          unsigned char  dcshi,dcge;
  15          
  16          //unsigned char  code  SecondLine2[]="Welcome to test ";
  17          //unsigned char  code  FirstLine2[] ="     ^_^        ";
  18          /******************************************************************/
  19          /*                    函数声明                                    */
  20          /******************************************************************/
  21          void DelayUs(unsigned char us)//delay us
  22          {
  23   1          unsigned char uscnt;
  24   1              uscnt=us>>1;/* Crystal frequency in 12MHz*/
  25   1              while(--uscnt);
  26   1      }
  27          
  28          
  29          void WriteCommand(unsigned char c)
  30          {
  31   1               DelayUs(20);//short delay before operation
  32   1                E = 0;
  33   1               RS = 0;
  34   1               RW = 0;
  35   1               _nop_();
  36   1                E = 1;
  37   1               Data = c;
  38   1                E = 0;
  39   1      }
  40          /****************************************************************/
  41          void WriteData(unsigned char c)
  42          {
  43   1               DelayUs(20);//short delay before operation
  44   1               E=0;
  45   1               RS=1;
  46   1               RW=0;
  47   1               _nop_();
  48   1               E=1;
  49   1               Data=c;
  50   1               E=0;
  51   1               RS=0;
  52   1      }
  53          /*********************************************************************/
  54          void ShowChar(unsigned char pos,unsigned char c)
C51 COMPILER V9.01   LED                                                                   01/07/2018 13:37:04 PAGE 2   

  55          {
  56   1          unsigned char p;
  57   1              if (pos>=0x10)
  58   1                  p=pos+0xb0; //是第二行则命令代码高4位为0xc
  59   1              else 
  60   1                  p=pos+0x80; //是第二行则命令代码高4位为0x8
  61   1              WriteCommand (p);//write command
  62   1              WriteData (c);   //write data
  63   1      }
  64          /*************************************************************************/
  65          void ShowString (unsigned char line,char *ptr)
  66          {
  67   1          unsigned char l,i;
  68   1              l=line<<4;
  69   1              for (i=0;i<16;i++)
  70   1              ShowChar (l++,*(ptr+i));//循环显示16个字符
  71   1      }
  72          /*********************************************************************/
  73          void ShowString2 (unsigned char line,char *ptr)
  74          {
  75   1          unsigned char l,i;
  76   1              l=line<<4;
  77   1              for (i=0;i<16;i++)
  78   1              ShowChar (l++,*(ptr+i));//循环显示16个字符
  79   1      }
  80          void InitLcd()
  81          {
  82   1      
  83   1              WriteCommand(0x38); //display mode
  84   1              WriteCommand(0x38); //display mode
  85   1              WriteCommand(0x38); //display mode
  86   1              WriteCommand(0x06); //显示光标移动位置
  87   1              WriteCommand(0x0c); //显示开及光标设置
  88   1              WriteCommand(0x01); //显示清屏
  89   1      
  90   1      }
  91          
  92          
  93          
  94          //void disp(void)
  95          //
  96          //{
  97          //
  98          //      static unsigned char  SecondLine[]="                ";
  99          //      static unsigned char  FirstLine[] ="                ";
 100          //    FirstLine[5]=0x30+bai;
 101          //      FirstLine[6]=0x30+shiw;
 102          //      FirstLine[7]='.';
 103          //      FirstLine[8]=0x30+ge;
 104          //      FirstLine[4]=':';
 105          //      FirstLine[2]='H';
 106          //      FirstLine[3]='Z';
 107          //      
 108          //      SecondLine[2]='D';
 109          //      SecondLine[3]='C';
 110          //      SecondLine[4]=':';
 111          //      SecondLine[5]=0x30+dcshi;
 112          //      SecondLine[6]=0x30+dcge;
 113          //      SecondLine[7]='%';
 114          //      
 115          //      ShowString(0,FirstLine);
 116          //      
C51 COMPILER V9.01   LED                                                                   01/07/2018 13:37:04 PAGE 3   

 117          //      ShowString(1,SecondLine);
 118          //
 119          //}
 120          void disp2(int temp_data)
 121          
 122          {
 123   1              static unsigned char  SecondLine[]="                ";
 124   1              static unsigned char  FirstLine[] ="                ";   
 125   1      
 126   1              bai = temp_data / 100;
 127   1              shiw = temp_data %100/10;
 128   1              ge =temp_data %10;
 129   1              FirstLine[5]=0x30+bai;
 130   1              FirstLine[6]=0x30+shiw;
 131   1              FirstLine[7]='.';
 132   1              FirstLine[8]=0x30+ge;
 133   1              FirstLine[4]=':';
 134   1              FirstLine[2]='W';
 135   1              FirstLine[3]='D';
 136   1              
 137   1              SecondLine[2]='D';
 138   1              SecondLine[3]='C';
 139   1              SecondLine[4]=':';
 140   1              SecondLine[5]=0x30+dcshi;
 141   1              SecondLine[6]=0x30+dcge;
 142   1              SecondLine[7]='%';
 143   1              
 144   1              ShowString(0,FirstLine);
 145   1              
 146   1              ShowString(1,SecondLine);
 147   1      
 148   1      
 149   1      }
 150          
 151          


MODULE INFORMATION:   STATIC OVERLAYABLE
   CODE SIZE        =    325    ----
   CONSTANT SIZE    =   ----    ----
   XDATA SIZE       =   ----    ----
   PDATA SIZE       =   ----    ----
   DATA SIZE        =     47      10
   IDATA SIZE       =   ----    ----
   BIT SIZE         =   ----    ----
END OF MODULE INFORMATION.


C51 COMPILATION COMPLETE.  0 WARNING(S),  0 ERROR(S)
