C51 COMPILER V9.01   MAIN                                                                  01/07/2018 13:37:04 PAGE 1   


C51 COMPILER V9.01, COMPILATION OF MODULE MAIN
OBJECT MODULE PLACED IN .\out\main.obj
COMPILER INVOKED BY: C:\Keil\C51\BIN\C51.EXE src\main.c BROWSE INCDIR(.\inc;.\src) DEBUG OBJECTEXTEND PRINT(.\listing\ma
                    -in.lst) OBJECT(.\out\main.obj)

line level    source

   1          #include "reg52.h"
   2          #include "ds18b20.h"
   3          #include "led.h"
   4          #include "time0.h"
   5          #include "ADC.h"
   6          int main()
   7          {
   8   1        uint temp;
   9   1        uint count_1s;
  10   1        uint oil;
  11   1        InitLcd();
  12   1        InitADC();
  13   1        IE = 0X90;
  14   1        Timer0Init(); 
  15   1        temp = DS18B20_init();
  16   1        
  17   1        while(1)
  18   1        {
  19   2              
  20   2              if(flag_20ms == 0)
  21   2              {         
  22   3              count_1s++;
  23   3              disp2(temp);
  24   3              oil = dat();
  25   3              flag_20ms = 0;
  26   3              P11 = !P11;
  27   3              }
  28   2              if(count_1s == 50)
  29   2              {
  30   3              temp  = DS18B20_init();
  31   3              count_1s =0;
  32   3              }
  33   2              
  34   2        }
  35   1        
  36   1      }


MODULE INFORMATION:   STATIC OVERLAYABLE
   CODE SIZE        =     76    ----
   CONSTANT SIZE    =   ----    ----
   XDATA SIZE       =   ----    ----
   PDATA SIZE       =   ----    ----
   DATA SIZE        =   ----       6
   IDATA SIZE       =   ----    ----
   BIT SIZE         =   ----    ----
END OF MODULE INFORMATION.


C51 COMPILATION COMPLETE.  0 WARNING(S),  0 ERROR(S)
