C51 COMPILER V9.01   TIME0                                                                 01/07/2018 13:37:04 PAGE 1   


C51 COMPILER V9.01, COMPILATION OF MODULE TIME0
OBJECT MODULE PLACED IN .\out\time0.obj
COMPILER INVOKED BY: C:\Keil\C51\BIN\C51.EXE src\time0.c BROWSE INCDIR(.\inc;.\src) DEBUG OBJECTEXTEND PRINT(.\listing\t
                    -ime0.lst) OBJECT(.\out\time0.obj)

line level    source

   1          #include <reg52.h>
   2          #include <time0.h>
   3          int flag_20ms = 0;
   4          sfr AUXR = 0x8e;
   5          void Timer0Init(void)           //2微秒@11.0592MHz
   6          {
   7   1      
   8   1              AUXR &= 0x7F;           //定时器时钟12T模式
   9   1              TMOD &= 0xF0;           //设置定时器模式
  10   1              TMOD |= 0x01;           //设置定时器模式
  11   1              TL0 = 0xFE;             //设置定时初值
  12   1              TH0 = 0xFF;             //设置定时初值
  13   1              TF0 = 0;                //清除TF0标志
  14   1              TR0 = 1;
  15   1      }
  16          
  17          
  18          void t0(void) interrupt 1 using 0
  19          {
  20   1              static int count = 10;
  21   1              TL0 = 0xEA;     
  22   1              TH0 = 0xFF;     
  23   1              if(count-- == 0)
  24   1              {
  25   2                count = 10;
  26   2                flag_20ms = 1;
  27   2              }
  28   1      }
  29          
  30          


MODULE INFORMATION:   STATIC OVERLAYABLE
   CODE SIZE        =     61    ----
   CONSTANT SIZE    =   ----    ----
   XDATA SIZE       =   ----    ----
   PDATA SIZE       =   ----    ----
   DATA SIZE        =      4    ----
   IDATA SIZE       =   ----    ----
   BIT SIZE         =   ----    ----
END OF MODULE INFORMATION.


C51 COMPILATION COMPLETE.  0 WARNING(S),  0 ERROR(S)
