C51 COMPILER V9.01   HC_SR04                                                               12/03/2017 11:23:49 PAGE 1   


C51 COMPILER V9.01, COMPILATION OF MODULE HC_SR04
OBJECT MODULE PLACED IN .\out\HC-SR04.obj
COMPILER INVOKED BY: C:\Keil\C51\BIN\C51.EXE src\HC-SR04.c BROWSE INCDIR(.\inc;.\src;.\src) DEBUG OBJECTEXTEND PRINT(.\l
                    -isting\HC-SR04.lst) OBJECT(.\out\HC-SR04.obj)

line level    source

   1          #include "HC-SR04.h"
   2          #include "reg52.h"
   3          #include "intrins.h"
   4          #include "DS18B20.h"
   5          #define uchar unsigned char 
   6          #define  uint unsigned int 
   7                       //超声触发端口
   8          long int distance=0;               //距离变量
   9          uchar count;
  10          int t = 0;
  11          int DHTFlag = 1;
  12          long Th0;
  13          long Tl0;
  14          void delayt(uint x)
  15          {
  16   1          uchar j;
  17   1          while(x-- > 0)
  18   1          {
  19   2                  for(j = 0;j < 125;j++)
  20   2              {
  21   3                  ;
  22   3              }
  23   2          }
  24   1      }
  25          void Init_MCU(void)
  26          {
  27   1              T2CON=0;
  28   1              T2MOD=0;
  29   1              TL2 = 0x66;
  30   1              TH2 = 0xfc;           //1ms
  31   1          ET2 = 1;          //开定时器2
  32   1              EA = 1;               //总中断使能
  33   1      }
  34          void Trig_SuperSonic(void)//出发声波
  35          {
  36   1               OUTPUT = 1;
  37   1               delayt(1);
  38   1               OUTPUT = 0;
  39   1      }
  40          void Init_Parameter(void)
  41          {
  42   1               OUTPUT =1;
  43   1               INPUT = 1;
  44   1               count = 0;
  45   1               distance = 0;
  46   1      }
  47          int Measure_Distance(void)
  48          {
  49   1              uchar l;
  50   1              uint h,y;
  51   1              TR2 = 1;
  52   1              while(INPUT)
  53   1          {
  54   2              ;
C51 COMPILER V9.01   HC_SR04                                                               12/03/2017 11:23:49 PAGE 2   

  55   2          }   
  56   1              TR2 = 0;
  57   1              l = TL2;
  58   1              h = TH2;
  59   1              y = (h << 8) + l;
  60   1              y = y - 0xfc66;//us部分
  61   1              distance = y + 1000 * count;//计算总时间
  62   1              TL2 = 0x66;
  63   1              TH2 = 0xfc;
  64   1              delayt(30);
  65   1              distance = VELOCITY_30C * distance / 20000;
  66   1              return distance;
  67   1      }
  68          
  69          
  70          
  71          
  72          
  73          void timer3 (void) interrupt 5
  74          {
  75   1              TF2 = 0;
  76   1              TL2= 0x66;
  77   1              TH2 = 0xfc;
  78   1              count++;
  79   1              if(count == 18)//超声波回声脉宽最多18ms
  80   1              {
  81   2                      TR2 =0;
  82   2                      TL2= 0x66;
  83   2                      TH2 = 0xfc;
  84   2                      count = 0;
  85   2              }
  86   1      }
  87          


MODULE INFORMATION:   STATIC OVERLAYABLE
   CODE SIZE        =    212    ----
   CONSTANT SIZE    =   ----    ----
   XDATA SIZE       =   ----    ----
   PDATA SIZE       =   ----    ----
   DATA SIZE        =     17    ----
   IDATA SIZE       =   ----    ----
   BIT SIZE         =   ----    ----
END OF MODULE INFORMATION.


C51 COMPILATION COMPLETE.  0 WARNING(S),  0 ERROR(S)
