C51 COMPILER V9.01   LED                                                                   12/03/2017 11:23:49 PAGE 1   


C51 COMPILER V9.01, COMPILATION OF MODULE LED
OBJECT MODULE PLACED IN .\out\led.obj
COMPILER INVOKED BY: C:\Keil\C51\BIN\C51.EXE src\led.c BROWSE INCDIR(.\inc;.\src;.\src) DEBUG OBJECTEXTEND PRINT(.\listi
                    -ng\led.lst) OBJECT(.\out\led.obj)

line level    source

   1          #include<led.h>
   2          #include<reg52.h>
   3          #include<stdio.h>
   4          #include<intrins.h>
   5          #include "HC-SR04.H"
   6          
   7          sbit RS = P2^3;//Pin4
   8          sbit RW = P2^4; //Pin5
   9          sbit E  = P2^5;//Pin6
  10          
  11          #define Data  P0    //数据端口
  12          
  13          //
  14          
  15          //unsigned char  code  SecondLine2[]="Welcome to test ";
  16          //unsigned char  code  FirstLine2[] ="     ^_^        ";
  17          /******************************************************************/
  18          /*                    函数声明                                    */
  19          /******************************************************************/
  20          void DelayUs(unsigned char us)//delay us
  21          {
  22   1          unsigned char uscnt;
  23   1              uscnt=us>>1;/* Crystal frequency in 12MHz*/
  24   1              while(--uscnt);
  25   1      }
  26          
  27          
  28          void WriteCommand(unsigned char c)
  29          {
  30   1               DelayUs(20);//short delay before operation
  31   1                E = 0;
  32   1               RS = 0;
  33   1               RW = 0;
  34   1               _nop_();
  35   1                E = 1;
  36   1               Data = c;
  37   1                E = 0;
  38   1               }
  39          /****************************************************************/
  40          void WriteData(unsigned char c)
  41          {
  42   1               DelayUs(20);//short delay before operation
  43   1               E=0;
  44   1               RS=1;
  45   1               RW=0;
  46   1               _nop_();
  47   1               E=1;
  48   1               Data=c;
  49   1               E=0;
  50   1               RS=0;
  51   1      }
  52          /*********************************************************************/
  53          void ShowChar(unsigned char pos,unsigned char c)
  54          {
C51 COMPILER V9.01   LED                                                                   12/03/2017 11:23:49 PAGE 2   

  55   1          unsigned char p;
  56   1              if (pos>=0x10)
  57   1                  p=pos+0xb0; //是第二行则命令代码高4位为0xc
  58   1              else 
  59   1                  p=pos+0x80; //是第二行则命令代码高4位为0x8
  60   1              WriteCommand (p);//write command
  61   1              WriteData (c);   //write data
  62   1      }
  63          /*************************************************************************/
  64          void ShowString (unsigned char line,char *ptr)
  65          {
  66   1          unsigned char l,i;
  67   1              l=line<<4;
  68   1              for (i=0;i<16;i++)
  69   1              ShowChar (l++,*(ptr+i));//循环显示16个字符
  70   1      }
  71          /*********************************************************************/
  72          void ShowString2 (unsigned char line,char *ptr)
  73          {
  74   1          unsigned char l,i;
  75   1              l=line<<4;
  76   1              for (i=0;i<16;i++)
  77   1              ShowChar (l++,*(ptr+i));//循环显示16个字符
  78   1      }
  79          void InitLcd()
  80          {
  81   1      
  82   1              WriteCommand(0x38); //display mode
  83   1              WriteCommand(0x38); //display mode
  84   1              WriteCommand(0x38); //display mode
  85   1              WriteCommand(0x06); //显示光标移动位置
  86   1              WriteCommand(0x0c); //显示开及光标设置
  87   1              WriteCommand(0x01); //显示清屏
  88   1      
  89   1      }
  90          
  91          
  92          
  93          //void disp(void)
  94          //
  95          //{
  96          //
  97          //
  98          //    FirstLine[5]=0x30+bai;
  99          //      FirstLine[6]=0x30+shiw;
 100          //      FirstLine[7]='.';
 101          //      FirstLine[8]=0x30+ge;
 102          //      FirstLine[4]=':';
 103          //      FirstLine[2]='H';
 104          //      FirstLine[3]='Z';
 105          //      
 106          //      SecondLine[2]='D';
 107          //      SecondLine[3]='C';
 108          //      SecondLine[4]=':';
 109          //      SecondLine[5]=0x30+dcshi;
 110          //      SecondLine[6]=0x30+dcge;
 111          //      SecondLine[7]='%';
 112          //      
 113          //      ShowString(0,FirstLine);
 114          //      
 115          //      ShowString(1,SecondLine);
 116          //
C51 COMPILER V9.01   LED                                                                   12/03/2017 11:23:49 PAGE 3   

 117          //}
 118          //void disp2(void)
 119          //
 120          //{
 121          //
 122          //      ShowString2(0,FirstLine2);
 123          //      
 124          //      ShowString2(1,SecondLine2);
 125          //
 126          //}
 127          void display(int Value)
 128          {
 129   1              unsigned char  FirstLine[] ="                ";
 130   1              unsigned char  SecondLine[]="                ";
 131   1              b= (distancee / 1000);
 132   1              c= (distancee/ 100) % 10;
 133   1          d =(distancee/ 10) % 10;
 134   1              e = distancee % 10;
 135   1              FirstLine[5]=0x30+Value/100;
 136   1              FirstLine[6]=0x30+Value%100/10;
 137   1              FirstLine[7]='.';
 138   1              FirstLine[8]=0x30+Value%10;
 139   1              FirstLine[4]=':';
 140   1              FirstLine[2]='W';
 141   1              FirstLine[3]='D';
 142   1              SecondLine[2]='C';
 143   1              SecondLine[3]='M';
 144   1              SecondLine[4]=':';
 145   1              SecondLine[5]=0x30+b;
 146   1              SecondLine[6]=0x30+c;
 147   1              SecondLine[7]=0x30+d;
 148   1              SecondLine[8]='.';
 149   1              SecondLine[9]=0x30+e;
 150   1      
 151   1              ShowString(0,FirstLine);
 152   1              ShowString2(1,SecondLine);
 153   1              
 154   1      }
 155          
 156          


MODULE INFORMATION:   STATIC OVERLAYABLE
   CODE SIZE        =    436    ----
   CONSTANT SIZE    =     34    ----
   XDATA SIZE       =   ----    ----
   PDATA SIZE       =   ----    ----
   DATA SIZE        =   ----      46
   IDATA SIZE       =   ----    ----
   BIT SIZE         =   ----    ----
END OF MODULE INFORMATION.


C51 COMPILATION COMPLETE.  0 WARNING(S),  0 ERROR(S)
