C51 COMPILER V9.01   TIME0                                                                 12/03/2017 11:23:49 PAGE 1   


C51 COMPILER V9.01, COMPILATION OF MODULE TIME0
OBJECT MODULE PLACED IN .\out\time0.obj
COMPILER INVOKED BY: C:\Keil\C51\BIN\C51.EXE src\time0.c BROWSE INCDIR(.\inc;.\src;.\src) DEBUG OBJECTEXTEND PRINT(.\lis
                    -ting\time0.lst) OBJECT(.\out\time0.obj)

line level    source

   1          #include <reg52.h>
   2          #include "led.h"
   3          #include <time0.h>
   4          flag_20ms = 0;
   5          flag_2s = 1;
   6          
   7          void init(void )
   8          {
   9   1              TH0 = (65536-2000)/256;
  10   1              TL0 = (65536-2000)%256;
  11   1              TMOD = 0x01;    //定时器0，16位工作方式
  12   1              TR0 = 1;             //启动定时器0
  13   1              ET0 = 1;        //打开定时器0中断
  14   1              EX0 = 0;        //关闭外部中断
  15   1      
  16   1      
  17   1              RCAP2L =(65536-2000)/256;;              //设置定时重载值
  18   1              RCAP2H =(65536-2000)%256;;              //设置定时重载值
  19   1              T2CON = 0;
  20   1              T2MOD = 0;
  21   1              TR2 = 1;          
  22   1              ET2 = 1;
  23   1              EA  = 1;         //打开总中断0
  24   1      
  25   1      }
  26          void timer0() interrupt 1 
  27          {        
  28   1              
  29   1              static int count1 = 10;
  30   1              static int count2 = 1000;  
  31   1              
  32   1              TH0=(65536-2000)/256;      //2ms
  33   1              TL0=(65536-2000)%256;
  34   1              if(count1-- == 0)
  35   1              {
  36   2               flag_20ms = 1;
  37   2               count1 = 10;
  38   2              }
  39   1              if(count2-- == 0)
  40   1              {
  41   2               
  42   2               flag_2s = 0;
  43   2               count2 = 1000;
  44   2              }
  45   1              
  46   1      }


MODULE INFORMATION:   STATIC OVERLAYABLE
   CODE SIZE        =    101    ----
   CONSTANT SIZE    =   ----    ----
   XDATA SIZE       =   ----    ----
   PDATA SIZE       =   ----    ----
   DATA SIZE        =      8    ----
C51 COMPILER V9.01   TIME0                                                                 12/03/2017 11:23:49 PAGE 2   

   IDATA SIZE       =   ----    ----
   BIT SIZE         =   ----    ----
END OF MODULE INFORMATION.


C51 COMPILATION COMPLETE.  0 WARNING(S),  0 ERROR(S)
