C51 COMPILER V9.01   USART                                                                 12/03/2017 11:23:49 PAGE 1   


C51 COMPILER V9.01, COMPILATION OF MODULE USART
OBJECT MODULE PLACED IN .\out\usart.obj
COMPILER INVOKED BY: C:\Keil\C51\BIN\C51.EXE src\usart.c BROWSE INCDIR(.\inc;.\src;.\src) DEBUG OBJECTEXTEND PRINT(.\lis
                    -ting\usart.lst) OBJECT(.\out\usart.obj)

line level    source

   1          #include "usart.h"
   2          
   3          
   4          
   5          void UartIni(void)                                                                         //初始化
   6          {
   7   1              
   8   1              SCON = 0x50 ; //SCON: serail mode 1, 8-bit UART, enable ucvr    
   9   1              TMOD |= 0x20 ; //TMOD: timer 1, mode 2, 8-bit reload    
  10   1              PCON |= 0x80 ; //SMOD=1;        
  11   1              TL1 = 0xFA;     
  12   1              TH1 = 0xFA; //Baud:9600         
  13   1              IE |= 0x90 ; //Enable Serial Interrupt 
  14   1              REN = 1;
  15   1              TI = 0;
  16   1              RI = 0;
  17   1              TR1 = 1 ; // timer 1 run 
  18   1              ES=1;
  19   1      }                                                                                          
  20          void UARTSendByte(uint8_t DAT)                                  //发送单数据       
  21          {
  22   1              ES  =  0;
  23   1              TI=0;
  24   1              SBUF = DAT;
  25   1              while(TI==0);
  26   1              TI=0;
  27   1              ES = 1;
  28   1      }
  29          void PrintCom(uint8_t *DAT,uint8_t len)                  //打印字符
  30          {
  31   1              uint8_t i;
  32   1              for(i=0;i<len;i++)
  33   1              {
  34   2                      UARTSendByte(*DAT++);
  35   2              }       
  36   1      }
  37          void Uart_Isr() interrupt 4 using 1                              //接收中断
  38          {       
  39   1              if(RI)
  40   1              {       
  41   2                        RI = 0;
  42   2              }
  43   1      
  44   1      }


MODULE INFORMATION:   STATIC OVERLAYABLE
   CODE SIZE        =     87    ----
   CONSTANT SIZE    =   ----    ----
   XDATA SIZE       =   ----    ----
   PDATA SIZE       =   ----    ----
   DATA SIZE        =   ----       3
   IDATA SIZE       =   ----    ----
   BIT SIZE         =   ----    ----
C51 COMPILER V9.01   USART                                                                 12/03/2017 11:23:49 PAGE 2   

END OF MODULE INFORMATION.


C51 COMPILATION COMPLETE.  0 WARNING(S),  0 ERROR(S)
